<testsuites id="" name="" tests="528" failures="201" skipped="187" errors="0" time="2387.747351">
<testsuite name="integration\clerk-firestore-integration.spec.ts" timestamp="2025-10-30T18:58:06.205Z" hostname="chromium" tests="7" failures="0" skipped="3" time="37.063" errors="0">
<testcase name="Clerk and Firestore Integration › Data Creation and Verification › should create organization in both Clerk and Firestore" classname="integration\clerk-firestore-integration.spec.ts" time="0">
<properties>
<property name="skip" value="">
</property>
</properties>
<skipped>
</skipped>
</testcase>
<testcase name="Clerk and Firestore Integration › Data Creation and Verification › should create user in both Clerk and Firestore" classname="integration\clerk-firestore-integration.spec.ts" time="0">
<properties>
<property name="skip" value="">
</property>
</properties>
<skipped>
</skipped>
</testcase>
<testcase name="Clerk and Firestore Integration › Data Creation and Verification › should link user to organization" classname="integration\clerk-firestore-integration.spec.ts" time="0">
<properties>
<property name="skip" value="">
</property>
</properties>
<skipped>
</skipped>
</testcase>
<testcase name="Clerk and Firestore Integration › User Authentication Flow › should allow user to sign in with test credentials" classname="integration\clerk-firestore-integration.spec.ts" time="36.751">
<system-out>
<![CDATA[Sign-in test - requires seeded data
]]>
</system-out>
</testcase>
<testcase name="Clerk and Firestore Integration › User Authentication Flow › should display user information after sign-in" classname="integration\clerk-firestore-integration.spec.ts" time="0.171">
</testcase>
<testcase name="Clerk and Firestore Integration › Organization Context › should show correct organization after sign-in" classname="integration\clerk-firestore-integration.spec.ts" time="0.14">
</testcase>
<testcase name="Clerk and Firestore Integration › Data Synchronization › should sync user updates between Clerk and Firestore" classname="integration\clerk-firestore-integration.spec.ts" time="0.001">
</testcase>
</testsuite>
<testsuite name="unit\form-validation.spec.ts" timestamp="2025-10-30T18:58:06.205Z" hostname="chromium" tests="13" failures="4" skipped="0" time="205.234" errors="0">
<testcase name="Onboarding Form Validation › Organization Setup Step › should display error for empty organization name" classname="unit\form-validation.spec.ts" time="47.259">
<failure message="form-validation.spec.ts:17:9 should display error for empty organization name" type="FAILURE">
<![CDATA[  [chromium] › unit\form-validation.spec.ts:17:9 › Onboarding Form Validation › Organization Setup Step › should display error for empty organization name 

    TimeoutError: locator.fill: Timeout 15000ms exceeded.
    Call log:
      - waiting for locator('input[name="organizationName"]').or(locator('input[placeholder*="organization"]').first())


      23 |         
      24 |         // Clear and blur to trigger validation
    > 25 |         await orgNameInput.fill('');
         |                            ^
      26 |         await orgNameInput.blur();
      27 |         
      28 |         // Check for error message
        at C:\src\AI\techsamurai\claudecode\atraiva\mockup\final\atraiva\tests\onboarding\unit\form-validation.spec.ts:25:28

    attachment #1: screenshot (image/png) ──────────────────────────────────────────────────────────
    reports\test-artifacts\unit-form-validation-Onboa-fdf08-for-empty-organization-name-chromium\test-failed-1.png
    ────────────────────────────────────────────────────────────────────────────────────────────────

    attachment #2: video (video/webm) ──────────────────────────────────────────────────────────────
    reports\test-artifacts\unit-form-validation-Onboa-fdf08-for-empty-organization-name-chromium\video.webm
    ────────────────────────────────────────────────────────────────────────────────────────────────

    Error Context: reports\test-artifacts\unit-form-validation-Onboa-fdf08-for-empty-organization-name-chromium\error-context.md

    Retry #1 ───────────────────────────────────────────────────────────────────────────────────────

    TimeoutError: locator.fill: Timeout 15000ms exceeded.
    Call log:
      - waiting for locator('input[name="organizationName"]').or(locator('input[placeholder*="organization"]').first())


      23 |         
      24 |         // Clear and blur to trigger validation
    > 25 |         await orgNameInput.fill('');
         |                            ^
      26 |         await orgNameInput.blur();
      27 |         
      28 |         // Check for error message
        at C:\src\AI\techsamurai\claudecode\atraiva\mockup\final\atraiva\tests\onboarding\unit\form-validation.spec.ts:25:28

    attachment #1: screenshot (image/png) ──────────────────────────────────────────────────────────
    reports\test-artifacts\unit-form-validation-Onboa-fdf08-for-empty-organization-name-chromium-retry1\test-failed-1.png
    ────────────────────────────────────────────────────────────────────────────────────────────────

    attachment #2: video (video/webm) ──────────────────────────────────────────────────────────────
    reports\test-artifacts\unit-form-validation-Onboa-fdf08-for-empty-organization-name-chromium-retry1\video.webm
    ────────────────────────────────────────────────────────────────────────────────────────────────

    Error Context: reports\test-artifacts\unit-form-validation-Onboa-fdf08-for-empty-organization-name-chromium-retry1\error-context.md

    attachment #4: trace (application/zip) ─────────────────────────────────────────────────────────
    reports\test-artifacts\unit-form-validation-Onboa-fdf08-for-empty-organization-name-chromium-retry1\trace.zip
    Usage:

        npx playwright show-trace reports\test-artifacts\unit-form-validation-Onboa-fdf08-for-empty-organization-name-chromium-retry1\trace.zip

    ────────────────────────────────────────────────────────────────────────────────────────────────
]]>
</failure>
<system-out>
<![CDATA[
[[ATTACHMENT|test-artifacts\unit-form-validation-Onboa-fdf08-for-empty-organization-name-chromium\test-failed-1.png]]

[[ATTACHMENT|test-artifacts\unit-form-validation-Onboa-fdf08-for-empty-organization-name-chromium\video.webm]]

[[ATTACHMENT|test-artifacts\unit-form-validation-Onboa-fdf08-for-empty-organization-name-chromium\error-context.md]]

[[ATTACHMENT|test-artifacts\unit-form-validation-Onboa-fdf08-for-empty-organization-name-chromium-retry1\test-failed-1.png]]

[[ATTACHMENT|test-artifacts\unit-form-validation-Onboa-fdf08-for-empty-organization-name-chromium-retry1\video.webm]]

[[ATTACHMENT|test-artifacts\unit-form-validation-Onboa-fdf08-for-empty-organization-name-chromium-retry1\error-context.md]]

[[ATTACHMENT|test-artifacts\unit-form-validation-Onboa-fdf08-for-empty-organization-name-chromium-retry1\trace.zip]]
]]>
</system-out>
<system-err>
<![CDATA[GITHUB_TOKEN not found. Issue not created.
GITHUB_TOKEN not found. Issue not created.
]]>
</system-err>
</testcase>
<testcase name="Onboarding Form Validation › Organization Setup Step › should display error for organization name less than 3 characters" classname="unit\form-validation.spec.ts" time="39.642">
<failure message="form-validation.spec.ts:50:9 should display error for organization name less than 3 characters" type="FAILURE">
<![CDATA[  [chromium] › unit\form-validation.spec.ts:50:9 › Onboarding Form Validation › Organization Setup Step › should display error for organization name less than 3 characters 

    TimeoutError: locator.fill: Timeout 15000ms exceeded.
    Call log:
      - waiting for locator('input[name="organizationName"]').or(locator('input[placeholder*="organization"]').first())


      54 |         );
      55 |         
    > 56 |         await orgNameInput.fill('AB');
         |                            ^
      57 |         await orgNameInput.blur();
      58 |         
      59 |         const errorMessage = await page.locator('text=/must be at least.*characters/i').first();
        at C:\src\AI\techsamurai\claudecode\atraiva\mockup\final\atraiva\tests\onboarding\unit\form-validation.spec.ts:56:28

    attachment #1: screenshot (image/png) ──────────────────────────────────────────────────────────
    reports\test-artifacts\unit-form-validation-Onboa-0ee55-name-less-than-3-characters-chromium\test-failed-1.png
    ────────────────────────────────────────────────────────────────────────────────────────────────

    attachment #2: video (video/webm) ──────────────────────────────────────────────────────────────
    reports\test-artifacts\unit-form-validation-Onboa-0ee55-name-less-than-3-characters-chromium\video.webm
    ────────────────────────────────────────────────────────────────────────────────────────────────

    Error Context: reports\test-artifacts\unit-form-validation-Onboa-0ee55-name-less-than-3-characters-chromium\error-context.md

    Retry #1 ───────────────────────────────────────────────────────────────────────────────────────

    TimeoutError: locator.fill: Timeout 15000ms exceeded.
    Call log:
      - waiting for locator('input[name="organizationName"]').or(locator('input[placeholder*="organization"]').first())


      54 |         );
      55 |         
    > 56 |         await orgNameInput.fill('AB');
         |                            ^
      57 |         await orgNameInput.blur();
      58 |         
      59 |         const errorMessage = await page.locator('text=/must be at least.*characters/i').first();
        at C:\src\AI\techsamurai\claudecode\atraiva\mockup\final\atraiva\tests\onboarding\unit\form-validation.spec.ts:56:28

    attachment #1: screenshot (image/png) ──────────────────────────────────────────────────────────
    reports\test-artifacts\unit-form-validation-Onboa-0ee55-name-less-than-3-characters-chromium-retry1\test-failed-1.png
    ────────────────────────────────────────────────────────────────────────────────────────────────

    attachment #2: video (video/webm) ──────────────────────────────────────────────────────────────
    reports\test-artifacts\unit-form-validation-Onboa-0ee55-name-less-than-3-characters-chromium-retry1\video.webm
    ────────────────────────────────────────────────────────────────────────────────────────────────

    Error Context: reports\test-artifacts\unit-form-validation-Onboa-0ee55-name-less-than-3-characters-chromium-retry1\error-context.md

    attachment #4: trace (application/zip) ─────────────────────────────────────────────────────────
    reports\test-artifacts\unit-form-validation-Onboa-0ee55-name-less-than-3-characters-chromium-retry1\trace.zip
    Usage:

        npx playwright show-trace reports\test-artifacts\unit-form-validation-Onboa-0ee55-name-less-than-3-characters-chromium-retry1\trace.zip

    ────────────────────────────────────────────────────────────────────────────────────────────────
]]>
</failure>
<system-out>
<![CDATA[
[[ATTACHMENT|test-artifacts\unit-form-validation-Onboa-0ee55-name-less-than-3-characters-chromium\test-failed-1.png]]

[[ATTACHMENT|test-artifacts\unit-form-validation-Onboa-0ee55-name-less-than-3-characters-chromium\video.webm]]

[[ATTACHMENT|test-artifacts\unit-form-validation-Onboa-0ee55-name-less-than-3-characters-chromium\error-context.md]]

[[ATTACHMENT|test-artifacts\unit-form-validation-Onboa-0ee55-name-less-than-3-characters-chromium-retry1\test-failed-1.png]]

[[ATTACHMENT|test-artifacts\unit-form-validation-Onboa-0ee55-name-less-than-3-characters-chromium-retry1\video.webm]]

[[ATTACHMENT|test-artifacts\unit-form-validation-Onboa-0ee55-name-less-than-3-characters-chromium-retry1\error-context.md]]

[[ATTACHMENT|test-artifacts\unit-form-validation-Onboa-0ee55-name-less-than-3-characters-chromium-retry1\trace.zip]]
]]>
</system-out>
<system-err>
<![CDATA[GITHUB_TOKEN not found. Issue not created.
GITHUB_TOKEN not found. Issue not created.
]]>
</system-err>
</testcase>
<testcase name="Onboarding Form Validation › Organization Setup Step › should accept valid organization name" classname="unit\form-validation.spec.ts" time="39.617">
<failure message="form-validation.spec.ts:80:9 should accept valid organization name" type="FAILURE">
<![CDATA[  [chromium] › unit\form-validation.spec.ts:80:9 › Onboarding Form Validation › Organization Setup Step › should accept valid organization name 

    TimeoutError: locator.fill: Timeout 15000ms exceeded.
    Call log:
      - waiting for locator('input[name="organizationName"]').or(locator('input[placeholder*="organization"]').first())


      84 |         );
      85 |         
    > 86 |         await orgNameInput.fill('Valid Organization Name');
         |                            ^
      87 |         await orgNameInput.blur();
      88 |         
      89 |         // Should not show error
        at C:\src\AI\techsamurai\claudecode\atraiva\mockup\final\atraiva\tests\onboarding\unit\form-validation.spec.ts:86:28

    attachment #1: screenshot (image/png) ──────────────────────────────────────────────────────────
    reports\test-artifacts\unit-form-validation-Onboa-e55c5-ept-valid-organization-name-chromium\test-failed-1.png
    ────────────────────────────────────────────────────────────────────────────────────────────────

    attachment #2: video (video/webm) ──────────────────────────────────────────────────────────────
    reports\test-artifacts\unit-form-validation-Onboa-e55c5-ept-valid-organization-name-chromium\video.webm
    ────────────────────────────────────────────────────────────────────────────────────────────────

    Error Context: reports\test-artifacts\unit-form-validation-Onboa-e55c5-ept-valid-organization-name-chromium\error-context.md

    Retry #1 ───────────────────────────────────────────────────────────────────────────────────────

    TimeoutError: locator.fill: Timeout 15000ms exceeded.
    Call log:
      - waiting for locator('input[name="organizationName"]').or(locator('input[placeholder*="organization"]').first())


      84 |         );
      85 |         
    > 86 |         await orgNameInput.fill('Valid Organization Name');
         |                            ^
      87 |         await orgNameInput.blur();
      88 |         
      89 |         // Should not show error
        at C:\src\AI\techsamurai\claudecode\atraiva\mockup\final\atraiva\tests\onboarding\unit\form-validation.spec.ts:86:28

    attachment #1: screenshot (image/png) ──────────────────────────────────────────────────────────
    reports\test-artifacts\unit-form-validation-Onboa-e55c5-ept-valid-organization-name-chromium-retry1\test-failed-1.png
    ────────────────────────────────────────────────────────────────────────────────────────────────

    attachment #2: video (video/webm) ──────────────────────────────────────────────────────────────
    reports\test-artifacts\unit-form-validation-Onboa-e55c5-ept-valid-organization-name-chromium-retry1\video.webm
    ────────────────────────────────────────────────────────────────────────────────────────────────

    Error Context: reports\test-artifacts\unit-form-validation-Onboa-e55c5-ept-valid-organization-name-chromium-retry1\error-context.md

    attachment #4: trace (application/zip) ─────────────────────────────────────────────────────────
    reports\test-artifacts\unit-form-validation-Onboa-e55c5-ept-valid-organization-name-chromium-retry1\trace.zip
    Usage:

        npx playwright show-trace reports\test-artifacts\unit-form-validation-Onboa-e55c5-ept-valid-organization-name-chromium-retry1\trace.zip

    ────────────────────────────────────────────────────────────────────────────────────────────────
]]>
</failure>
<system-out>
<![CDATA[
[[ATTACHMENT|test-artifacts\unit-form-validation-Onboa-e55c5-ept-valid-organization-name-chromium\test-failed-1.png]]

[[ATTACHMENT|test-artifacts\unit-form-validation-Onboa-e55c5-ept-valid-organization-name-chromium\video.webm]]

[[ATTACHMENT|test-artifacts\unit-form-validation-Onboa-e55c5-ept-valid-organization-name-chromium\error-context.md]]

[[ATTACHMENT|test-artifacts\unit-form-validation-Onboa-e55c5-ept-valid-organization-name-chromium-retry1\test-failed-1.png]]

[[ATTACHMENT|test-artifacts\unit-form-validation-Onboa-e55c5-ept-valid-organization-name-chromium-retry1\video.webm]]

[[ATTACHMENT|test-artifacts\unit-form-validation-Onboa-e55c5-ept-valid-organization-name-chromium-retry1\error-context.md]]

[[ATTACHMENT|test-artifacts\unit-form-validation-Onboa-e55c5-ept-valid-organization-name-chromium-retry1\trace.zip]]
]]>
</system-out>
<system-err>
<![CDATA[GITHUB_TOKEN not found. Issue not created.
GITHUB_TOKEN not found. Issue not created.
]]>
</system-err>
</testcase>
<testcase name="Onboarding Form Validation › Organization Setup Step › should validate email format" classname="unit\form-validation.spec.ts" time="39.749">
<failure message="form-validation.spec.ts:107:9 should validate email format" type="FAILURE">
<![CDATA[  [chromium] › unit\form-validation.spec.ts:107:9 › Onboarding Form Validation › Organization Setup Step › should validate email format 

    TimeoutError: locator.fill: Timeout 15000ms exceeded.
    Call log:
      - waiting for locator('input[type="email"]').first()


      110 |         
      111 |         // Test invalid email
    > 112 |         await emailInput.fill('invalid-email');
          |                          ^
      113 |         await emailInput.blur();
      114 |         
      115 |         const errorMessage = await page.locator('text=/invalid.*email|email.*invalid/i').first();
        at C:\src\AI\techsamurai\claudecode\atraiva\mockup\final\atraiva\tests\onboarding\unit\form-validation.spec.ts:112:26

    attachment #1: screenshot (image/png) ──────────────────────────────────────────────────────────
    reports\test-artifacts\unit-form-validation-Onboa-feebc-hould-validate-email-format-chromium\test-failed-1.png
    ────────────────────────────────────────────────────────────────────────────────────────────────

    attachment #2: video (video/webm) ──────────────────────────────────────────────────────────────
    reports\test-artifacts\unit-form-validation-Onboa-feebc-hould-validate-email-format-chromium\video.webm
    ────────────────────────────────────────────────────────────────────────────────────────────────

    Error Context: reports\test-artifacts\unit-form-validation-Onboa-feebc-hould-validate-email-format-chromium\error-context.md

    Retry #1 ───────────────────────────────────────────────────────────────────────────────────────

    TimeoutError: locator.fill: Timeout 15000ms exceeded.
    Call log:
      - waiting for locator('input[type="email"]').first()


      110 |         
      111 |         // Test invalid email
    > 112 |         await emailInput.fill('invalid-email');
          |                          ^
      113 |         await emailInput.blur();
      114 |         
      115 |         const errorMessage = await page.locator('text=/invalid.*email|email.*invalid/i').first();
        at C:\src\AI\techsamurai\claudecode\atraiva\mockup\final\atraiva\tests\onboarding\unit\form-validation.spec.ts:112:26

    attachment #1: screenshot (image/png) ──────────────────────────────────────────────────────────
    reports\test-artifacts\unit-form-validation-Onboa-feebc-hould-validate-email-format-chromium-retry1\test-failed-1.png
    ────────────────────────────────────────────────────────────────────────────────────────────────

    attachment #2: video (video/webm) ──────────────────────────────────────────────────────────────
    reports\test-artifacts\unit-form-validation-Onboa-feebc-hould-validate-email-format-chromium-retry1\video.webm
    ────────────────────────────────────────────────────────────────────────────────────────────────

    Error Context: reports\test-artifacts\unit-form-validation-Onboa-feebc-hould-validate-email-format-chromium-retry1\error-context.md

    attachment #4: trace (application/zip) ─────────────────────────────────────────────────────────
    reports\test-artifacts\unit-form-validation-Onboa-feebc-hould-validate-email-format-chromium-retry1\trace.zip
    Usage:

        npx playwright show-trace reports\test-artifacts\unit-form-validation-Onboa-feebc-hould-validate-email-format-chromium-retry1\trace.zip

    ────────────────────────────────────────────────────────────────────────────────────────────────
]]>
</failure>
<system-out>
<![CDATA[
[[ATTACHMENT|test-artifacts\unit-form-validation-Onboa-feebc-hould-validate-email-format-chromium\test-failed-1.png]]

[[ATTACHMENT|test-artifacts\unit-form-validation-Onboa-feebc-hould-validate-email-format-chromium\video.webm]]

[[ATTACHMENT|test-artifacts\unit-form-validation-Onboa-feebc-hould-validate-email-format-chromium\error-context.md]]

[[ATTACHMENT|test-artifacts\unit-form-validation-Onboa-feebc-hould-validate-email-format-chromium-retry1\test-failed-1.png]]

[[ATTACHMENT|test-artifacts\unit-form-validation-Onboa-feebc-hould-validate-email-format-chromium-retry1\video.webm]]

[[ATTACHMENT|test-artifacts\unit-form-validation-Onboa-feebc-hould-validate-email-format-chromium-retry1\error-context.md]]

[[ATTACHMENT|test-artifacts\unit-form-validation-Onboa-feebc-hould-validate-email-format-chromium-retry1\trace.zip]]
]]>
</system-out>
<system-err>
<![CDATA[GITHUB_TOKEN not found. Issue not created.
GITHUB_TOKEN not found. Issue not created.
]]>
</system-err>
</testcase>
<testcase name="Onboarding Form Validation › Organization Setup Step › should validate phone number format" classname="unit\form-validation.spec.ts" time="4.083">
</testcase>
<testcase name="Onboarding Form Validation › Organization Setup Step › should validate required industry field" classname="unit\form-validation.spec.ts" time="3.805">
</testcase>
<testcase name="Onboarding Form Validation › User Information Step › should validate first name is required" classname="unit\form-validation.spec.ts" time="3.888">
</testcase>
<testcase name="Onboarding Form Validation › User Information Step › should validate last name is required" classname="unit\form-validation.spec.ts" time="3.901">
</testcase>
<testcase name="Onboarding Form Validation › User Information Step › should validate password requirements" classname="unit\form-validation.spec.ts" time="3.849">
</testcase>
<testcase name="Onboarding Form Validation › Role Selection Step › should require role selection" classname="unit\form-validation.spec.ts" time="6.997">
</testcase>
<testcase name="Onboarding Form Validation › Form Submission › should enable submit button only when form is valid" classname="unit\form-validation.spec.ts" time="4.106">
</testcase>
<testcase name="Onboarding Form Validation › Form Submission › should show loading state during submission" classname="unit\form-validation.spec.ts" time="4.179">
</testcase>
<testcase name="Onboarding Form Validation › Validation Error Messages Quality › error messages should be in proper English" classname="unit\form-validation.spec.ts" time="4.159">
<system-out>
<![CDATA[English quality check - informational test
]]>
</system-out>
</testcase>
</testsuite>
<testsuite name="unit\responsive-design.spec.ts" timestamp="2025-10-30T18:58:06.205Z" hostname="chromium" tests="51" failures="10" skipped="0" time="452.214" errors="0">
<testcase name="Onboarding Responsive Design › Mobile Portrait (375x812) › should load onboarding page without layout issues" classname="unit\responsive-design.spec.ts" time="29.046">
<failure message="responsive-design.spec.ts:26:11 should load onboarding page without layout issues" type="FAILURE">
<![CDATA[  [chromium] › unit\responsive-design.spec.ts:26:11 › Onboarding Responsive Design › Mobile Portrait (375x812) › should load onboarding page without layout issues 

    Error: expect(locator).toBeVisible() failed

    Locator: locator('main').or(locator('[role="main"]')).first()
    Expected: visible
    Timeout: 10000ms
    Error: element(s) not found

    Call log:
      - Expect "toBeVisible" with timeout 10000ms
      - waiting for locator('main').or(locator('[role="main"]')).first()


      40 |           // Verify main content is visible
      41 |           const mainContent = page.locator('main').or(page.locator('[role="main"]'));
    > 42 |           await expect(mainContent.first()).toBeVisible();
         |                                             ^
      43 |           
      44 |         } catch (error) {
      45 |           await reportResponsiveFailure(page, {
        at C:\src\AI\techsamurai\claudecode\atraiva\mockup\final\atraiva\tests\onboarding\unit\responsive-design.spec.ts:42:45

    attachment #1: screenshot (image/png) ──────────────────────────────────────────────────────────
    reports\test-artifacts\unit-responsive-design-Onb-72708--page-without-layout-issues-chromium\test-failed-1.png
    ────────────────────────────────────────────────────────────────────────────────────────────────

    attachment #2: video (video/webm) ──────────────────────────────────────────────────────────────
    reports\test-artifacts\unit-responsive-design-Onb-72708--page-without-layout-issues-chromium\video.webm
    ────────────────────────────────────────────────────────────────────────────────────────────────

    Error Context: reports\test-artifacts\unit-responsive-design-Onb-72708--page-without-layout-issues-chromium\error-context.md

    Retry #1 ───────────────────────────────────────────────────────────────────────────────────────

    Error: expect(locator).toBeVisible() failed

    Locator: locator('main').or(locator('[role="main"]')).first()
    Expected: visible
    Timeout: 10000ms
    Error: element(s) not found

    Call log:
      - Expect "toBeVisible" with timeout 10000ms
      - waiting for locator('main').or(locator('[role="main"]')).first()


      40 |           // Verify main content is visible
      41 |           const mainContent = page.locator('main').or(page.locator('[role="main"]'));
    > 42 |           await expect(mainContent.first()).toBeVisible();
         |                                             ^
      43 |           
      44 |         } catch (error) {
      45 |           await reportResponsiveFailure(page, {
        at C:\src\AI\techsamurai\claudecode\atraiva\mockup\final\atraiva\tests\onboarding\unit\responsive-design.spec.ts:42:45

    attachment #1: screenshot (image/png) ──────────────────────────────────────────────────────────
    reports\test-artifacts\unit-responsive-design-Onb-72708--page-without-layout-issues-chromium-retry1\test-failed-1.png
    ────────────────────────────────────────────────────────────────────────────────────────────────

    attachment #2: video (video/webm) ──────────────────────────────────────────────────────────────
    reports\test-artifacts\unit-responsive-design-Onb-72708--page-without-layout-issues-chromium-retry1\video.webm
    ────────────────────────────────────────────────────────────────────────────────────────────────

    Error Context: reports\test-artifacts\unit-responsive-design-Onb-72708--page-without-layout-issues-chromium-retry1\error-context.md

    attachment #4: trace (application/zip) ─────────────────────────────────────────────────────────
    reports\test-artifacts\unit-responsive-design-Onb-72708--page-without-layout-issues-chromium-retry1\trace.zip
    Usage:

        npx playwright show-trace reports\test-artifacts\unit-responsive-design-Onb-72708--page-without-layout-issues-chromium-retry1\trace.zip

    ────────────────────────────────────────────────────────────────────────────────────────────────
]]>
</failure>
<system-out>
<![CDATA[
[[ATTACHMENT|test-artifacts\unit-responsive-design-Onb-72708--page-without-layout-issues-chromium\test-failed-1.png]]

[[ATTACHMENT|test-artifacts\unit-responsive-design-Onb-72708--page-without-layout-issues-chromium\video.webm]]

[[ATTACHMENT|test-artifacts\unit-responsive-design-Onb-72708--page-without-layout-issues-chromium\error-context.md]]

[[ATTACHMENT|test-artifacts\unit-responsive-design-Onb-72708--page-without-layout-issues-chromium-retry1\test-failed-1.png]]

[[ATTACHMENT|test-artifacts\unit-responsive-design-Onb-72708--page-without-layout-issues-chromium-retry1\video.webm]]

[[ATTACHMENT|test-artifacts\unit-responsive-design-Onb-72708--page-without-layout-issues-chromium-retry1\error-context.md]]

[[ATTACHMENT|test-artifacts\unit-responsive-design-Onb-72708--page-without-layout-issues-chromium-retry1\trace.zip]]
]]>
</system-out>
<system-err>
<![CDATA[GITHUB_TOKEN not found. Issue not created.
GITHUB_TOKEN not found. Issue not created.
]]>
</system-err>
</testcase>
<testcase name="Onboarding Responsive Design › Mobile Portrait (375x812) › form elements should be properly sized and accessible" classname="unit\responsive-design.spec.ts" time="8.644">
<failure message="responsive-design.spec.ts:55:11 form elements should be properly sized and accessible" type="FAILURE">
<![CDATA[  [chromium] › unit\responsive-design.spec.ts:55:11 › Onboarding Responsive Design › Mobile Portrait (375x812) › form elements should be properly sized and accessible 

    Error: expect(received).toBeGreaterThanOrEqual(expected)

    Expected: >= 44
    Received:    32

      89 |                 // Buttons should have minimum touch target size on mobile
      90 |                 if (viewport.width < 768) {
    > 91 |                   expect(box.height).toBeGreaterThanOrEqual(44);
         |                                      ^
      92 |                 }
      93 |               }
      94 |             }
        at C:\src\AI\techsamurai\claudecode\atraiva\mockup\final\atraiva\tests\onboarding\unit\responsive-design.spec.ts:91:38

    attachment #1: screenshot (image/png) ──────────────────────────────────────────────────────────
    reports\test-artifacts\unit-responsive-design-Onb-f3920-operly-sized-and-accessible-chromium\test-failed-1.png
    ────────────────────────────────────────────────────────────────────────────────────────────────

    attachment #2: video (video/webm) ──────────────────────────────────────────────────────────────
    reports\test-artifacts\unit-responsive-design-Onb-f3920-operly-sized-and-accessible-chromium\video.webm
    ────────────────────────────────────────────────────────────────────────────────────────────────

    Error Context: reports\test-artifacts\unit-responsive-design-Onb-f3920-operly-sized-and-accessible-chromium\error-context.md

    Retry #1 ───────────────────────────────────────────────────────────────────────────────────────

    Error: expect(received).toBeGreaterThanOrEqual(expected)

    Expected: >= 44
    Received:    32

      89 |                 // Buttons should have minimum touch target size on mobile
      90 |                 if (viewport.width < 768) {
    > 91 |                   expect(box.height).toBeGreaterThanOrEqual(44);
         |                                      ^
      92 |                 }
      93 |               }
      94 |             }
        at C:\src\AI\techsamurai\claudecode\atraiva\mockup\final\atraiva\tests\onboarding\unit\responsive-design.spec.ts:91:38

    attachment #1: screenshot (image/png) ──────────────────────────────────────────────────────────
    reports\test-artifacts\unit-responsive-design-Onb-f3920-operly-sized-and-accessible-chromium-retry1\test-failed-1.png
    ────────────────────────────────────────────────────────────────────────────────────────────────

    attachment #2: video (video/webm) ──────────────────────────────────────────────────────────────
    reports\test-artifacts\unit-responsive-design-Onb-f3920-operly-sized-and-accessible-chromium-retry1\video.webm
    ────────────────────────────────────────────────────────────────────────────────────────────────

    Error Context: reports\test-artifacts\unit-responsive-design-Onb-f3920-operly-sized-and-accessible-chromium-retry1\error-context.md

    attachment #4: trace (application/zip) ─────────────────────────────────────────────────────────
    reports\test-artifacts\unit-responsive-design-Onb-f3920-operly-sized-and-accessible-chromium-retry1\trace.zip
    Usage:

        npx playwright show-trace reports\test-artifacts\unit-responsive-design-Onb-f3920-operly-sized-and-accessible-chromium-retry1\trace.zip

    ────────────────────────────────────────────────────────────────────────────────────────────────
]]>
</failure>
<system-out>
<![CDATA[
[[ATTACHMENT|test-artifacts\unit-responsive-design-Onb-f3920-operly-sized-and-accessible-chromium\test-failed-1.png]]

[[ATTACHMENT|test-artifacts\unit-responsive-design-Onb-f3920-operly-sized-and-accessible-chromium\video.webm]]

[[ATTACHMENT|test-artifacts\unit-responsive-design-Onb-f3920-operly-sized-and-accessible-chromium\error-context.md]]

[[ATTACHMENT|test-artifacts\unit-responsive-design-Onb-f3920-operly-sized-and-accessible-chromium-retry1\test-failed-1.png]]

[[ATTACHMENT|test-artifacts\unit-responsive-design-Onb-f3920-operly-sized-and-accessible-chromium-retry1\video.webm]]

[[ATTACHMENT|test-artifacts\unit-responsive-design-Onb-f3920-operly-sized-and-accessible-chromium-retry1\error-context.md]]

[[ATTACHMENT|test-artifacts\unit-responsive-design-Onb-f3920-operly-sized-and-accessible-chromium-retry1\trace.zip]]
]]>
</system-out>
<system-err>
<![CDATA[GITHUB_TOKEN not found. Issue not created.
GITHUB_TOKEN not found. Issue not created.
]]>
</system-err>
</testcase>
<testcase name="Onboarding Responsive Design › Mobile Portrait (375x812) › navigation elements should be accessible" classname="unit\responsive-design.spec.ts" time="3.996">
</testcase>
<testcase name="Onboarding Responsive Design › Mobile Portrait (375x812) › text should be readable (not truncated)" classname="unit\responsive-design.spec.ts" time="3.999">
</testcase>
<testcase name="Onboarding Responsive Design › Mobile Portrait (375x812) › images should load and scale properly" classname="unit\responsive-design.spec.ts" time="4.178">
</testcase>
<testcase name="Onboarding Responsive Design › Mobile Portrait (375x812) › modals and dialogs should be properly sized" classname="unit\responsive-design.spec.ts" time="3.881">
<system-out>
<![CDATA[Dialog test for Mobile Portrait - may not have dialogs
]]>
</system-out>
</testcase>
<testcase name="Onboarding Responsive Design › Mobile Portrait (375x812) › should not have overlapping elements" classname="unit\responsive-design.spec.ts" time="3.812">
</testcase>
<testcase name="Onboarding Responsive Design › Mobile Landscape (812x375) › should load onboarding page without layout issues" classname="unit\responsive-design.spec.ts" time="29.145">
<failure message="responsive-design.spec.ts:26:11 should load onboarding page without layout issues" type="FAILURE">
<![CDATA[  [chromium] › unit\responsive-design.spec.ts:26:11 › Onboarding Responsive Design › Mobile Landscape (812x375) › should load onboarding page without layout issues 

    Error: expect(locator).toBeVisible() failed

    Locator: locator('main').or(locator('[role="main"]')).first()
    Expected: visible
    Timeout: 10000ms
    Error: element(s) not found

    Call log:
      - Expect "toBeVisible" with timeout 10000ms
      - waiting for locator('main').or(locator('[role="main"]')).first()


      40 |           // Verify main content is visible
      41 |           const mainContent = page.locator('main').or(page.locator('[role="main"]'));
    > 42 |           await expect(mainContent.first()).toBeVisible();
         |                                             ^
      43 |           
      44 |         } catch (error) {
      45 |           await reportResponsiveFailure(page, {
        at C:\src\AI\techsamurai\claudecode\atraiva\mockup\final\atraiva\tests\onboarding\unit\responsive-design.spec.ts:42:45

    attachment #1: screenshot (image/png) ──────────────────────────────────────────────────────────
    reports\test-artifacts\unit-responsive-design-Onb-96c88--page-without-layout-issues-chromium\test-failed-1.png
    ────────────────────────────────────────────────────────────────────────────────────────────────

    attachment #2: video (video/webm) ──────────────────────────────────────────────────────────────
    reports\test-artifacts\unit-responsive-design-Onb-96c88--page-without-layout-issues-chromium\video.webm
    ────────────────────────────────────────────────────────────────────────────────────────────────

    Error Context: reports\test-artifacts\unit-responsive-design-Onb-96c88--page-without-layout-issues-chromium\error-context.md

    Retry #1 ───────────────────────────────────────────────────────────────────────────────────────

    Error: expect(locator).toBeVisible() failed

    Locator: locator('main').or(locator('[role="main"]')).first()
    Expected: visible
    Timeout: 10000ms
    Error: element(s) not found

    Call log:
      - Expect "toBeVisible" with timeout 10000ms
      - waiting for locator('main').or(locator('[role="main"]')).first()


      40 |           // Verify main content is visible
      41 |           const mainContent = page.locator('main').or(page.locator('[role="main"]'));
    > 42 |           await expect(mainContent.first()).toBeVisible();
         |                                             ^
      43 |           
      44 |         } catch (error) {
      45 |           await reportResponsiveFailure(page, {
        at C:\src\AI\techsamurai\claudecode\atraiva\mockup\final\atraiva\tests\onboarding\unit\responsive-design.spec.ts:42:45

    attachment #1: screenshot (image/png) ──────────────────────────────────────────────────────────
    reports\test-artifacts\unit-responsive-design-Onb-96c88--page-without-layout-issues-chromium-retry1\test-failed-1.png
    ────────────────────────────────────────────────────────────────────────────────────────────────

    attachment #2: video (video/webm) ──────────────────────────────────────────────────────────────
    reports\test-artifacts\unit-responsive-design-Onb-96c88--page-without-layout-issues-chromium-retry1\video.webm
    ────────────────────────────────────────────────────────────────────────────────────────────────

    Error Context: reports\test-artifacts\unit-responsive-design-Onb-96c88--page-without-layout-issues-chromium-retry1\error-context.md

    attachment #4: trace (application/zip) ─────────────────────────────────────────────────────────
    reports\test-artifacts\unit-responsive-design-Onb-96c88--page-without-layout-issues-chromium-retry1\trace.zip
    Usage:

        npx playwright show-trace reports\test-artifacts\unit-responsive-design-Onb-96c88--page-without-layout-issues-chromium-retry1\trace.zip

    ────────────────────────────────────────────────────────────────────────────────────────────────
]]>
</failure>
<system-out>
<![CDATA[
[[ATTACHMENT|test-artifacts\unit-responsive-design-Onb-96c88--page-without-layout-issues-chromium\test-failed-1.png]]

[[ATTACHMENT|test-artifacts\unit-responsive-design-Onb-96c88--page-without-layout-issues-chromium\video.webm]]

[[ATTACHMENT|test-artifacts\unit-responsive-design-Onb-96c88--page-without-layout-issues-chromium\error-context.md]]

[[ATTACHMENT|test-artifacts\unit-responsive-design-Onb-96c88--page-without-layout-issues-chromium-retry1\test-failed-1.png]]

[[ATTACHMENT|test-artifacts\unit-responsive-design-Onb-96c88--page-without-layout-issues-chromium-retry1\video.webm]]

[[ATTACHMENT|test-artifacts\unit-responsive-design-Onb-96c88--page-without-layout-issues-chromium-retry1\error-context.md]]

[[ATTACHMENT|test-artifacts\unit-responsive-design-Onb-96c88--page-without-layout-issues-chromium-retry1\trace.zip]]
]]>
</system-out>
<system-err>
<![CDATA[GITHUB_TOKEN not found. Issue not created.
GITHUB_TOKEN not found. Issue not created.
]]>
</system-err>
</testcase>
<testcase name="Onboarding Responsive Design › Mobile Landscape (812x375) › form elements should be properly sized and accessible" classname="unit\responsive-design.spec.ts" time="4.16">
</testcase>
<testcase name="Onboarding Responsive Design › Mobile Landscape (812x375) › navigation elements should be accessible" classname="unit\responsive-design.spec.ts" time="3.688">
</testcase>
<testcase name="Onboarding Responsive Design › Mobile Landscape (812x375) › text should be readable (not truncated)" classname="unit\responsive-design.spec.ts" time="3.845">
</testcase>
<testcase name="Onboarding Responsive Design › Mobile Landscape (812x375) › images should load and scale properly" classname="unit\responsive-design.spec.ts" time="3.723">
</testcase>
<testcase name="Onboarding Responsive Design › Mobile Landscape (812x375) › modals and dialogs should be properly sized" classname="unit\responsive-design.spec.ts" time="4.045">
</testcase>
<testcase name="Onboarding Responsive Design › Mobile Landscape (812x375) › should not have overlapping elements" classname="unit\responsive-design.spec.ts" time="4.093">
</testcase>
<testcase name="Onboarding Responsive Design › Tablet Portrait (768x1024) › should load onboarding page without layout issues" classname="unit\responsive-design.spec.ts" time="29.717">
<failure message="responsive-design.spec.ts:26:11 should load onboarding page without layout issues" type="FAILURE">
<![CDATA[  [chromium] › unit\responsive-design.spec.ts:26:11 › Onboarding Responsive Design › Tablet Portrait (768x1024) › should load onboarding page without layout issues 

    Error: expect(locator).toBeVisible() failed

    Locator: locator('main').or(locator('[role="main"]')).first()
    Expected: visible
    Timeout: 10000ms
    Error: element(s) not found

    Call log:
      - Expect "toBeVisible" with timeout 10000ms
      - waiting for locator('main').or(locator('[role="main"]')).first()


      40 |           // Verify main content is visible
      41 |           const mainContent = page.locator('main').or(page.locator('[role="main"]'));
    > 42 |           await expect(mainContent.first()).toBeVisible();
         |                                             ^
      43 |           
      44 |         } catch (error) {
      45 |           await reportResponsiveFailure(page, {
        at C:\src\AI\techsamurai\claudecode\atraiva\mockup\final\atraiva\tests\onboarding\unit\responsive-design.spec.ts:42:45

    attachment #1: screenshot (image/png) ──────────────────────────────────────────────────────────
    reports\test-artifacts\unit-responsive-design-Onb-ded7b--page-without-layout-issues-chromium\test-failed-1.png
    ────────────────────────────────────────────────────────────────────────────────────────────────

    attachment #2: video (video/webm) ──────────────────────────────────────────────────────────────
    reports\test-artifacts\unit-responsive-design-Onb-ded7b--page-without-layout-issues-chromium\video.webm
    ────────────────────────────────────────────────────────────────────────────────────────────────

    Error Context: reports\test-artifacts\unit-responsive-design-Onb-ded7b--page-without-layout-issues-chromium\error-context.md

    Retry #1 ───────────────────────────────────────────────────────────────────────────────────────

    Error: expect(locator).toBeVisible() failed

    Locator: locator('main').or(locator('[role="main"]')).first()
    Expected: visible
    Timeout: 10000ms
    Error: element(s) not found

    Call log:
      - Expect "toBeVisible" with timeout 10000ms
      - waiting for locator('main').or(locator('[role="main"]')).first()


      40 |           // Verify main content is visible
      41 |           const mainContent = page.locator('main').or(page.locator('[role="main"]'));
    > 42 |           await expect(mainContent.first()).toBeVisible();
         |                                             ^
      43 |           
      44 |         } catch (error) {
      45 |           await reportResponsiveFailure(page, {
        at C:\src\AI\techsamurai\claudecode\atraiva\mockup\final\atraiva\tests\onboarding\unit\responsive-design.spec.ts:42:45

    attachment #1: screenshot (image/png) ──────────────────────────────────────────────────────────
    reports\test-artifacts\unit-responsive-design-Onb-ded7b--page-without-layout-issues-chromium-retry1\test-failed-1.png
    ────────────────────────────────────────────────────────────────────────────────────────────────

    attachment #2: video (video/webm) ──────────────────────────────────────────────────────────────
    reports\test-artifacts\unit-responsive-design-Onb-ded7b--page-without-layout-issues-chromium-retry1\video.webm
    ────────────────────────────────────────────────────────────────────────────────────────────────

    Error Context: reports\test-artifacts\unit-responsive-design-Onb-ded7b--page-without-layout-issues-chromium-retry1\error-context.md

    attachment #4: trace (application/zip) ─────────────────────────────────────────────────────────
    reports\test-artifacts\unit-responsive-design-Onb-ded7b--page-without-layout-issues-chromium-retry1\trace.zip
    Usage:

        npx playwright show-trace reports\test-artifacts\unit-responsive-design-Onb-ded7b--page-without-layout-issues-chromium-retry1\trace.zip

    ────────────────────────────────────────────────────────────────────────────────────────────────
]]>
</failure>
<system-out>
<![CDATA[
[[ATTACHMENT|test-artifacts\unit-responsive-design-Onb-ded7b--page-without-layout-issues-chromium\test-failed-1.png]]

[[ATTACHMENT|test-artifacts\unit-responsive-design-Onb-ded7b--page-without-layout-issues-chromium\video.webm]]

[[ATTACHMENT|test-artifacts\unit-responsive-design-Onb-ded7b--page-without-layout-issues-chromium\error-context.md]]

[[ATTACHMENT|test-artifacts\unit-responsive-design-Onb-ded7b--page-without-layout-issues-chromium-retry1\test-failed-1.png]]

[[ATTACHMENT|test-artifacts\unit-responsive-design-Onb-ded7b--page-without-layout-issues-chromium-retry1\video.webm]]

[[ATTACHMENT|test-artifacts\unit-responsive-design-Onb-ded7b--page-without-layout-issues-chromium-retry1\error-context.md]]

[[ATTACHMENT|test-artifacts\unit-responsive-design-Onb-ded7b--page-without-layout-issues-chromium-retry1\trace.zip]]
]]>
</system-out>
<system-err>
<![CDATA[GITHUB_TOKEN not found. Issue not created.
GITHUB_TOKEN not found. Issue not created.
]]>
</system-err>
</testcase>
<testcase name="Onboarding Responsive Design › Tablet Portrait (768x1024) › form elements should be properly sized and accessible" classname="unit\responsive-design.spec.ts" time="4.824">
</testcase>
<testcase name="Onboarding Responsive Design › Tablet Portrait (768x1024) › navigation elements should be accessible" classname="unit\responsive-design.spec.ts" time="4.017">
</testcase>
<testcase name="Onboarding Responsive Design › Tablet Portrait (768x1024) › text should be readable (not truncated)" classname="unit\responsive-design.spec.ts" time="4.189">
</testcase>
<testcase name="Onboarding Responsive Design › Tablet Portrait (768x1024) › images should load and scale properly" classname="unit\responsive-design.spec.ts" time="3.976">
</testcase>
<testcase name="Onboarding Responsive Design › Tablet Portrait (768x1024) › modals and dialogs should be properly sized" classname="unit\responsive-design.spec.ts" time="4.174">
</testcase>
<testcase name="Onboarding Responsive Design › Tablet Portrait (768x1024) › should not have overlapping elements" classname="unit\responsive-design.spec.ts" time="4.097">
</testcase>
<testcase name="Onboarding Responsive Design › Tablet Landscape (1024x768) › should load onboarding page without layout issues" classname="unit\responsive-design.spec.ts" time="30.61">
<failure message="responsive-design.spec.ts:26:11 should load onboarding page without layout issues" type="FAILURE">
<![CDATA[  [chromium] › unit\responsive-design.spec.ts:26:11 › Onboarding Responsive Design › Tablet Landscape (1024x768) › should load onboarding page without layout issues 

    Error: expect(locator).toBeVisible() failed

    Locator: locator('main').or(locator('[role="main"]')).first()
    Expected: visible
    Timeout: 10000ms
    Error: element(s) not found

    Call log:
      - Expect "toBeVisible" with timeout 10000ms
      - waiting for locator('main').or(locator('[role="main"]')).first()


      40 |           // Verify main content is visible
      41 |           const mainContent = page.locator('main').or(page.locator('[role="main"]'));
    > 42 |           await expect(mainContent.first()).toBeVisible();
         |                                             ^
      43 |           
      44 |         } catch (error) {
      45 |           await reportResponsiveFailure(page, {
        at C:\src\AI\techsamurai\claudecode\atraiva\mockup\final\atraiva\tests\onboarding\unit\responsive-design.spec.ts:42:45

    attachment #1: screenshot (image/png) ──────────────────────────────────────────────────────────
    reports\test-artifacts\unit-responsive-design-Onb-b2ccf--page-without-layout-issues-chromium\test-failed-1.png
    ────────────────────────────────────────────────────────────────────────────────────────────────

    attachment #2: video (video/webm) ──────────────────────────────────────────────────────────────
    reports\test-artifacts\unit-responsive-design-Onb-b2ccf--page-without-layout-issues-chromium\video.webm
    ────────────────────────────────────────────────────────────────────────────────────────────────

    Error Context: reports\test-artifacts\unit-responsive-design-Onb-b2ccf--page-without-layout-issues-chromium\error-context.md

    Retry #1 ───────────────────────────────────────────────────────────────────────────────────────

    Error: expect(locator).toBeVisible() failed

    Locator: locator('main').or(locator('[role="main"]')).first()
    Expected: visible
    Timeout: 10000ms
    Error: element(s) not found

    Call log:
      - Expect "toBeVisible" with timeout 10000ms
      - waiting for locator('main').or(locator('[role="main"]')).first()


      40 |           // Verify main content is visible
      41 |           const mainContent = page.locator('main').or(page.locator('[role="main"]'));
    > 42 |           await expect(mainContent.first()).toBeVisible();
         |                                             ^
      43 |           
      44 |         } catch (error) {
      45 |           await reportResponsiveFailure(page, {
        at C:\src\AI\techsamurai\claudecode\atraiva\mockup\final\atraiva\tests\onboarding\unit\responsive-design.spec.ts:42:45

    attachment #1: screenshot (image/png) ──────────────────────────────────────────────────────────
    reports\test-artifacts\unit-responsive-design-Onb-b2ccf--page-without-layout-issues-chromium-retry1\test-failed-1.png
    ────────────────────────────────────────────────────────────────────────────────────────────────

    attachment #2: video (video/webm) ──────────────────────────────────────────────────────────────
    reports\test-artifacts\unit-responsive-design-Onb-b2ccf--page-without-layout-issues-chromium-retry1\video.webm
    ────────────────────────────────────────────────────────────────────────────────────────────────

    Error Context: reports\test-artifacts\unit-responsive-design-Onb-b2ccf--page-without-layout-issues-chromium-retry1\error-context.md

    attachment #4: trace (application/zip) ─────────────────────────────────────────────────────────
    reports\test-artifacts\unit-responsive-design-Onb-b2ccf--page-without-layout-issues-chromium-retry1\trace.zip
    Usage:

        npx playwright show-trace reports\test-artifacts\unit-responsive-design-Onb-b2ccf--page-without-layout-issues-chromium-retry1\trace.zip

    ────────────────────────────────────────────────────────────────────────────────────────────────
]]>
</failure>
<system-out>
<![CDATA[
[[ATTACHMENT|test-artifacts\unit-responsive-design-Onb-b2ccf--page-without-layout-issues-chromium\test-failed-1.png]]

[[ATTACHMENT|test-artifacts\unit-responsive-design-Onb-b2ccf--page-without-layout-issues-chromium\video.webm]]

[[ATTACHMENT|test-artifacts\unit-responsive-design-Onb-b2ccf--page-without-layout-issues-chromium\error-context.md]]

[[ATTACHMENT|test-artifacts\unit-responsive-design-Onb-b2ccf--page-without-layout-issues-chromium-retry1\test-failed-1.png]]

[[ATTACHMENT|test-artifacts\unit-responsive-design-Onb-b2ccf--page-without-layout-issues-chromium-retry1\video.webm]]

[[ATTACHMENT|test-artifacts\unit-responsive-design-Onb-b2ccf--page-without-layout-issues-chromium-retry1\error-context.md]]

[[ATTACHMENT|test-artifacts\unit-responsive-design-Onb-b2ccf--page-without-layout-issues-chromium-retry1\trace.zip]]
]]>
</system-out>
<system-err>
<![CDATA[GITHUB_TOKEN not found. Issue not created.
GITHUB_TOKEN not found. Issue not created.
]]>
</system-err>
</testcase>
<testcase name="Onboarding Responsive Design › Tablet Landscape (1024x768) › form elements should be properly sized and accessible" classname="unit\responsive-design.spec.ts" time="4.801">
</testcase>
<testcase name="Onboarding Responsive Design › Tablet Landscape (1024x768) › navigation elements should be accessible" classname="unit\responsive-design.spec.ts" time="3.86">
</testcase>
<testcase name="Onboarding Responsive Design › Tablet Landscape (1024x768) › text should be readable (not truncated)" classname="unit\responsive-design.spec.ts" time="4.27">
</testcase>
<testcase name="Onboarding Responsive Design › Tablet Landscape (1024x768) › images should load and scale properly" classname="unit\responsive-design.spec.ts" time="4.37">
</testcase>
<testcase name="Onboarding Responsive Design › Tablet Landscape (1024x768) › modals and dialogs should be properly sized" classname="unit\responsive-design.spec.ts" time="4.699">
</testcase>
<testcase name="Onboarding Responsive Design › Tablet Landscape (1024x768) › should not have overlapping elements" classname="unit\responsive-design.spec.ts" time="4.173">
</testcase>
<testcase name="Onboarding Responsive Design › Desktop Small (1280x720) › should load onboarding page without layout issues" classname="unit\responsive-design.spec.ts" time="29.566">
<failure message="responsive-design.spec.ts:26:11 should load onboarding page without layout issues" type="FAILURE">
<![CDATA[  [chromium] › unit\responsive-design.spec.ts:26:11 › Onboarding Responsive Design › Desktop Small (1280x720) › should load onboarding page without layout issues 

    Error: expect(locator).toBeVisible() failed

    Locator: locator('main').or(locator('[role="main"]')).first()
    Expected: visible
    Timeout: 10000ms
    Error: element(s) not found

    Call log:
      - Expect "toBeVisible" with timeout 10000ms
      - waiting for locator('main').or(locator('[role="main"]')).first()


      40 |           // Verify main content is visible
      41 |           const mainContent = page.locator('main').or(page.locator('[role="main"]'));
    > 42 |           await expect(mainContent.first()).toBeVisible();
         |                                             ^
      43 |           
      44 |         } catch (error) {
      45 |           await reportResponsiveFailure(page, {
        at C:\src\AI\techsamurai\claudecode\atraiva\mockup\final\atraiva\tests\onboarding\unit\responsive-design.spec.ts:42:45

    attachment #1: screenshot (image/png) ──────────────────────────────────────────────────────────
    reports\test-artifacts\unit-responsive-design-Onb-38f02--page-without-layout-issues-chromium\test-failed-1.png
    ────────────────────────────────────────────────────────────────────────────────────────────────

    attachment #2: video (video/webm) ──────────────────────────────────────────────────────────────
    reports\test-artifacts\unit-responsive-design-Onb-38f02--page-without-layout-issues-chromium\video.webm
    ────────────────────────────────────────────────────────────────────────────────────────────────

    Error Context: reports\test-artifacts\unit-responsive-design-Onb-38f02--page-without-layout-issues-chromium\error-context.md

    Retry #1 ───────────────────────────────────────────────────────────────────────────────────────

    Error: expect(locator).toBeVisible() failed

    Locator: locator('main').or(locator('[role="main"]')).first()
    Expected: visible
    Timeout: 10000ms
    Error: element(s) not found

    Call log:
      - Expect "toBeVisible" with timeout 10000ms
      - waiting for locator('main').or(locator('[role="main"]')).first()


      40 |           // Verify main content is visible
      41 |           const mainContent = page.locator('main').or(page.locator('[role="main"]'));
    > 42 |           await expect(mainContent.first()).toBeVisible();
         |                                             ^
      43 |           
      44 |         } catch (error) {
      45 |           await reportResponsiveFailure(page, {
        at C:\src\AI\techsamurai\claudecode\atraiva\mockup\final\atraiva\tests\onboarding\unit\responsive-design.spec.ts:42:45

    attachment #1: screenshot (image/png) ──────────────────────────────────────────────────────────
    reports\test-artifacts\unit-responsive-design-Onb-38f02--page-without-layout-issues-chromium-retry1\test-failed-1.png
    ────────────────────────────────────────────────────────────────────────────────────────────────

    attachment #2: video (video/webm) ──────────────────────────────────────────────────────────────
    reports\test-artifacts\unit-responsive-design-Onb-38f02--page-without-layout-issues-chromium-retry1\video.webm
    ────────────────────────────────────────────────────────────────────────────────────────────────

    Error Context: reports\test-artifacts\unit-responsive-design-Onb-38f02--page-without-layout-issues-chromium-retry1\error-context.md

    attachment #4: trace (application/zip) ─────────────────────────────────────────────────────────
    reports\test-artifacts\unit-responsive-design-Onb-38f02--page-without-layout-issues-chromium-retry1\trace.zip
    Usage:

        npx playwright show-trace reports\test-artifacts\unit-responsive-design-Onb-38f02--page-without-layout-issues-chromium-retry1\trace.zip

    ────────────────────────────────────────────────────────────────────────────────────────────────
]]>
</failure>
<system-out>
<![CDATA[
[[ATTACHMENT|test-artifacts\unit-responsive-design-Onb-38f02--page-without-layout-issues-chromium\test-failed-1.png]]

[[ATTACHMENT|test-artifacts\unit-responsive-design-Onb-38f02--page-without-layout-issues-chromium\video.webm]]

[[ATTACHMENT|test-artifacts\unit-responsive-design-Onb-38f02--page-without-layout-issues-chromium\error-context.md]]

[[ATTACHMENT|test-artifacts\unit-responsive-design-Onb-38f02--page-without-layout-issues-chromium-retry1\test-failed-1.png]]

[[ATTACHMENT|test-artifacts\unit-responsive-design-Onb-38f02--page-without-layout-issues-chromium-retry1\video.webm]]

[[ATTACHMENT|test-artifacts\unit-responsive-design-Onb-38f02--page-without-layout-issues-chromium-retry1\error-context.md]]

[[ATTACHMENT|test-artifacts\unit-responsive-design-Onb-38f02--page-without-layout-issues-chromium-retry1\trace.zip]]
]]>
</system-out>
<system-err>
<![CDATA[GITHUB_TOKEN not found. Issue not created.
GITHUB_TOKEN not found. Issue not created.
]]>
</system-err>
</testcase>
<testcase name="Onboarding Responsive Design › Desktop Small (1280x720) › form elements should be properly sized and accessible" classname="unit\responsive-design.spec.ts" time="3.814">
</testcase>
<testcase name="Onboarding Responsive Design › Desktop Small (1280x720) › navigation elements should be accessible" classname="unit\responsive-design.spec.ts" time="3.646">
</testcase>
<testcase name="Onboarding Responsive Design › Desktop Small (1280x720) › text should be readable (not truncated)" classname="unit\responsive-design.spec.ts" time="3.792">
</testcase>
<testcase name="Onboarding Responsive Design › Desktop Small (1280x720) › images should load and scale properly" classname="unit\responsive-design.spec.ts" time="3.699">
</testcase>
<testcase name="Onboarding Responsive Design › Desktop Small (1280x720) › modals and dialogs should be properly sized" classname="unit\responsive-design.spec.ts" time="3.734">
</testcase>
<testcase name="Onboarding Responsive Design › Desktop Small (1280x720) › should not have overlapping elements" classname="unit\responsive-design.spec.ts" time="3.655">
</testcase>
<testcase name="Onboarding Responsive Design › Desktop Large (1920x1080) › should load onboarding page without layout issues" classname="unit\responsive-design.spec.ts" time="29.513">
<failure message="responsive-design.spec.ts:26:11 should load onboarding page without layout issues" type="FAILURE">
<![CDATA[  [chromium] › unit\responsive-design.spec.ts:26:11 › Onboarding Responsive Design › Desktop Large (1920x1080) › should load onboarding page without layout issues 

    Error: expect(locator).toBeVisible() failed

    Locator: locator('main').or(locator('[role="main"]')).first()
    Expected: visible
    Timeout: 10000ms
    Error: element(s) not found

    Call log:
      - Expect "toBeVisible" with timeout 10000ms
      - waiting for locator('main').or(locator('[role="main"]')).first()


      40 |           // Verify main content is visible
      41 |           const mainContent = page.locator('main').or(page.locator('[role="main"]'));
    > 42 |           await expect(mainContent.first()).toBeVisible();
         |                                             ^
      43 |           
      44 |         } catch (error) {
      45 |           await reportResponsiveFailure(page, {
        at C:\src\AI\techsamurai\claudecode\atraiva\mockup\final\atraiva\tests\onboarding\unit\responsive-design.spec.ts:42:45

    attachment #1: screenshot (image/png) ──────────────────────────────────────────────────────────
    reports\test-artifacts\unit-responsive-design-Onb-9d20c--page-without-layout-issues-chromium\test-failed-1.png
    ────────────────────────────────────────────────────────────────────────────────────────────────

    attachment #2: video (video/webm) ──────────────────────────────────────────────────────────────
    reports\test-artifacts\unit-responsive-design-Onb-9d20c--page-without-layout-issues-chromium\video.webm
    ────────────────────────────────────────────────────────────────────────────────────────────────

    Error Context: reports\test-artifacts\unit-responsive-design-Onb-9d20c--page-without-layout-issues-chromium\error-context.md

    Retry #1 ───────────────────────────────────────────────────────────────────────────────────────

    Error: expect(locator).toBeVisible() failed

    Locator: locator('main').or(locator('[role="main"]')).first()
    Expected: visible
    Timeout: 10000ms
    Error: element(s) not found

    Call log:
      - Expect "toBeVisible" with timeout 10000ms
      - waiting for locator('main').or(locator('[role="main"]')).first()


      40 |           // Verify main content is visible
      41 |           const mainContent = page.locator('main').or(page.locator('[role="main"]'));
    > 42 |           await expect(mainContent.first()).toBeVisible();
         |                                             ^
      43 |           
      44 |         } catch (error) {
      45 |           await reportResponsiveFailure(page, {
        at C:\src\AI\techsamurai\claudecode\atraiva\mockup\final\atraiva\tests\onboarding\unit\responsive-design.spec.ts:42:45

    attachment #1: screenshot (image/png) ──────────────────────────────────────────────────────────
    reports\test-artifacts\unit-responsive-design-Onb-9d20c--page-without-layout-issues-chromium-retry1\test-failed-1.png
    ────────────────────────────────────────────────────────────────────────────────────────────────

    attachment #2: video (video/webm) ──────────────────────────────────────────────────────────────
    reports\test-artifacts\unit-responsive-design-Onb-9d20c--page-without-layout-issues-chromium-retry1\video.webm
    ────────────────────────────────────────────────────────────────────────────────────────────────

    Error Context: reports\test-artifacts\unit-responsive-design-Onb-9d20c--page-without-layout-issues-chromium-retry1\error-context.md

    attachment #4: trace (application/zip) ─────────────────────────────────────────────────────────
    reports\test-artifacts\unit-responsive-design-Onb-9d20c--page-without-layout-issues-chromium-retry1\trace.zip
    Usage:

        npx playwright show-trace reports\test-artifacts\unit-responsive-design-Onb-9d20c--page-without-layout-issues-chromium-retry1\trace.zip

    ────────────────────────────────────────────────────────────────────────────────────────────────
]]>
</failure>
<system-out>
<![CDATA[
[[ATTACHMENT|test-artifacts\unit-responsive-design-Onb-9d20c--page-without-layout-issues-chromium\test-failed-1.png]]

[[ATTACHMENT|test-artifacts\unit-responsive-design-Onb-9d20c--page-without-layout-issues-chromium\video.webm]]

[[ATTACHMENT|test-artifacts\unit-responsive-design-Onb-9d20c--page-without-layout-issues-chromium\error-context.md]]

[[ATTACHMENT|test-artifacts\unit-responsive-design-Onb-9d20c--page-without-layout-issues-chromium-retry1\test-failed-1.png]]

[[ATTACHMENT|test-artifacts\unit-responsive-design-Onb-9d20c--page-without-layout-issues-chromium-retry1\video.webm]]

[[ATTACHMENT|test-artifacts\unit-responsive-design-Onb-9d20c--page-without-layout-issues-chromium-retry1\error-context.md]]

[[ATTACHMENT|test-artifacts\unit-responsive-design-Onb-9d20c--page-without-layout-issues-chromium-retry1\trace.zip]]
]]>
</system-out>
<system-err>
<![CDATA[GITHUB_TOKEN not found. Issue not created.
GITHUB_TOKEN not found. Issue not created.
]]>
</system-err>
</testcase>
<testcase name="Onboarding Responsive Design › Desktop Large (1920x1080) › form elements should be properly sized and accessible" classname="unit\responsive-design.spec.ts" time="4.784">
</testcase>
<testcase name="Onboarding Responsive Design › Desktop Large (1920x1080) › navigation elements should be accessible" classname="unit\responsive-design.spec.ts" time="4.151">
</testcase>
<testcase name="Onboarding Responsive Design › Desktop Large (1920x1080) › text should be readable (not truncated)" classname="unit\responsive-design.spec.ts" time="3.953">
</testcase>
<testcase name="Onboarding Responsive Design › Desktop Large (1920x1080) › images should load and scale properly" classname="unit\responsive-design.spec.ts" time="3.932">
</testcase>
<testcase name="Onboarding Responsive Design › Desktop Large (1920x1080) › modals and dialogs should be properly sized" classname="unit\responsive-design.spec.ts" time="4.23">
</testcase>
<testcase name="Onboarding Responsive Design › Desktop Large (1920x1080) › should not have overlapping elements" classname="unit\responsive-design.spec.ts" time="3.929">
</testcase>
<testcase name="Onboarding Responsive Design › Desktop 4K (3840x2160) › should load onboarding page without layout issues" classname="unit\responsive-design.spec.ts" time="35.122">
<failure message="responsive-design.spec.ts:26:11 should load onboarding page without layout issues" type="FAILURE">
<![CDATA[  [chromium] › unit\responsive-design.spec.ts:26:11 › Onboarding Responsive Design › Desktop 4K (3840x2160) › should load onboarding page without layout issues 

    Error: expect(locator).toBeVisible() failed

    Locator: locator('main').or(locator('[role="main"]')).first()
    Expected: visible
    Timeout: 10000ms
    Error: element(s) not found

    Call log:
      - Expect "toBeVisible" with timeout 10000ms
      - waiting for locator('main').or(locator('[role="main"]')).first()


      40 |           // Verify main content is visible
      41 |           const mainContent = page.locator('main').or(page.locator('[role="main"]'));
    > 42 |           await expect(mainContent.first()).toBeVisible();
         |                                             ^
      43 |           
      44 |         } catch (error) {
      45 |           await reportResponsiveFailure(page, {
        at C:\src\AI\techsamurai\claudecode\atraiva\mockup\final\atraiva\tests\onboarding\unit\responsive-design.spec.ts:42:45

    attachment #1: screenshot (image/png) ──────────────────────────────────────────────────────────
    reports\test-artifacts\unit-responsive-design-Onb-47732--page-without-layout-issues-chromium\test-failed-1.png
    ────────────────────────────────────────────────────────────────────────────────────────────────

    attachment #2: video (video/webm) ──────────────────────────────────────────────────────────────
    reports\test-artifacts\unit-responsive-design-Onb-47732--page-without-layout-issues-chromium\video.webm
    ────────────────────────────────────────────────────────────────────────────────────────────────

    Error Context: reports\test-artifacts\unit-responsive-design-Onb-47732--page-without-layout-issues-chromium\error-context.md

    Retry #1 ───────────────────────────────────────────────────────────────────────────────────────

    Error: expect(locator).toBeVisible() failed

    Locator: locator('main').or(locator('[role="main"]')).first()
    Expected: visible
    Timeout: 10000ms
    Error: element(s) not found

    Call log:
      - Expect "toBeVisible" with timeout 10000ms
      - waiting for locator('main').or(locator('[role="main"]')).first()


      40 |           // Verify main content is visible
      41 |           const mainContent = page.locator('main').or(page.locator('[role="main"]'));
    > 42 |           await expect(mainContent.first()).toBeVisible();
         |                                             ^
      43 |           
      44 |         } catch (error) {
      45 |           await reportResponsiveFailure(page, {
        at C:\src\AI\techsamurai\claudecode\atraiva\mockup\final\atraiva\tests\onboarding\unit\responsive-design.spec.ts:42:45

    attachment #1: screenshot (image/png) ──────────────────────────────────────────────────────────
    reports\test-artifacts\unit-responsive-design-Onb-47732--page-without-layout-issues-chromium-retry1\test-failed-1.png
    ────────────────────────────────────────────────────────────────────────────────────────────────

    attachment #2: video (video/webm) ──────────────────────────────────────────────────────────────
    reports\test-artifacts\unit-responsive-design-Onb-47732--page-without-layout-issues-chromium-retry1\video.webm
    ────────────────────────────────────────────────────────────────────────────────────────────────

    Error Context: reports\test-artifacts\unit-responsive-design-Onb-47732--page-without-layout-issues-chromium-retry1\error-context.md

    attachment #4: trace (application/zip) ─────────────────────────────────────────────────────────
    reports\test-artifacts\unit-responsive-design-Onb-47732--page-without-layout-issues-chromium-retry1\trace.zip
    Usage:

        npx playwright show-trace reports\test-artifacts\unit-responsive-design-Onb-47732--page-without-layout-issues-chromium-retry1\trace.zip

    ────────────────────────────────────────────────────────────────────────────────────────────────
]]>
</failure>
<system-out>
<![CDATA[
[[ATTACHMENT|test-artifacts\unit-responsive-design-Onb-47732--page-without-layout-issues-chromium\test-failed-1.png]]

[[ATTACHMENT|test-artifacts\unit-responsive-design-Onb-47732--page-without-layout-issues-chromium\video.webm]]

[[ATTACHMENT|test-artifacts\unit-responsive-design-Onb-47732--page-without-layout-issues-chromium\error-context.md]]

[[ATTACHMENT|test-artifacts\unit-responsive-design-Onb-47732--page-without-layout-issues-chromium-retry1\test-failed-1.png]]

[[ATTACHMENT|test-artifacts\unit-responsive-design-Onb-47732--page-without-layout-issues-chromium-retry1\video.webm]]

[[ATTACHMENT|test-artifacts\unit-responsive-design-Onb-47732--page-without-layout-issues-chromium-retry1\error-context.md]]

[[ATTACHMENT|test-artifacts\unit-responsive-design-Onb-47732--page-without-layout-issues-chromium-retry1\trace.zip]]
]]>
</system-out>
<system-err>
<![CDATA[GITHUB_TOKEN not found. Issue not created.
GITHUB_TOKEN not found. Issue not created.
]]>
</system-err>
</testcase>
<testcase name="Onboarding Responsive Design › Desktop 4K (3840x2160) › form elements should be properly sized and accessible" classname="unit\responsive-design.spec.ts" time="5.412">
</testcase>
<testcase name="Onboarding Responsive Design › Desktop 4K (3840x2160) › navigation elements should be accessible" classname="unit\responsive-design.spec.ts" time="6.012">
</testcase>
<testcase name="Onboarding Responsive Design › Desktop 4K (3840x2160) › text should be readable (not truncated)" classname="unit\responsive-design.spec.ts" time="5.021">
</testcase>
<testcase name="Onboarding Responsive Design › Desktop 4K (3840x2160) › images should load and scale properly" classname="unit\responsive-design.spec.ts" time="5.223">
</testcase>
<testcase name="Onboarding Responsive Design › Desktop 4K (3840x2160) › modals and dialogs should be properly sized" classname="unit\responsive-design.spec.ts" time="5.473">
</testcase>
<testcase name="Onboarding Responsive Design › Desktop 4K (3840x2160) › should not have overlapping elements" classname="unit\responsive-design.spec.ts" time="5.082">
</testcase>
<testcase name="Onboarding Responsive Design › Device Emulation › should work on iPhone 13" classname="unit\responsive-design.spec.ts" time="28.838">
<failure message="responsive-design.spec.ts:285:9 should work on iPhone 13" type="FAILURE">
<![CDATA[  [chromium] › unit\responsive-design.spec.ts:285:9 › Onboarding Responsive Design › Device Emulation › should work on iPhone 13 

    Error: expect(locator).toBeVisible() failed

    Locator: locator('main').or(locator('[role="main"]')).first()
    Expected: visible
    Timeout: 10000ms
    Error: element(s) not found

    Call log:
      - Expect "toBeVisible" with timeout 10000ms
      - waiting for locator('main').or(locator('[role="main"]')).first()


      295 |         // Basic functionality check
      296 |         const mainContent = page.locator('main').or(page.locator('[role="main"]'));
    > 297 |         await expect(mainContent.first()).toBeVisible();
          |                                           ^
      298 |         
      299 |       } finally {
      300 |         await context.close();
        at C:\src\AI\techsamurai\claudecode\atraiva\mockup\final\atraiva\tests\onboarding\unit\responsive-design.spec.ts:297:43

    attachment #1: screenshot (image/png) ──────────────────────────────────────────────────────────
    reports\test-artifacts\unit-responsive-design-Onb-89e0d-on-should-work-on-iPhone-13-chromium\test-failed-1.png
    ────────────────────────────────────────────────────────────────────────────────────────────────

    Retry #1 ───────────────────────────────────────────────────────────────────────────────────────

    Error: expect(locator).toBeVisible() failed

    Locator: locator('main').or(locator('[role="main"]')).first()
    Expected: visible
    Timeout: 10000ms
    Error: element(s) not found

    Call log:
      - Expect "toBeVisible" with timeout 10000ms
      - waiting for locator('main').or(locator('[role="main"]')).first()


      295 |         // Basic functionality check
      296 |         const mainContent = page.locator('main').or(page.locator('[role="main"]'));
    > 297 |         await expect(mainContent.first()).toBeVisible();
          |                                           ^
      298 |         
      299 |       } finally {
      300 |         await context.close();
        at C:\src\AI\techsamurai\claudecode\atraiva\mockup\final\atraiva\tests\onboarding\unit\responsive-design.spec.ts:297:43

    attachment #1: screenshot (image/png) ──────────────────────────────────────────────────────────
    reports\test-artifacts\unit-responsive-design-Onb-89e0d-on-should-work-on-iPhone-13-chromium-retry1\test-failed-1.png
    ────────────────────────────────────────────────────────────────────────────────────────────────

    attachment #2: trace (application/zip) ─────────────────────────────────────────────────────────
    reports\test-artifacts\unit-responsive-design-Onb-89e0d-on-should-work-on-iPhone-13-chromium-retry1\trace.zip
    Usage:

        npx playwright show-trace reports\test-artifacts\unit-responsive-design-Onb-89e0d-on-should-work-on-iPhone-13-chromium-retry1\trace.zip

    ────────────────────────────────────────────────────────────────────────────────────────────────
]]>
</failure>
<system-out>
<![CDATA[
[[ATTACHMENT|test-artifacts\unit-responsive-design-Onb-89e0d-on-should-work-on-iPhone-13-chromium\test-failed-1.png]]

[[ATTACHMENT|test-artifacts\unit-responsive-design-Onb-89e0d-on-should-work-on-iPhone-13-chromium-retry1\test-failed-1.png]]

[[ATTACHMENT|test-artifacts\unit-responsive-design-Onb-89e0d-on-should-work-on-iPhone-13-chromium-retry1\trace.zip]]
]]>
</system-out>
</testcase>
<testcase name="Onboarding Responsive Design › Device Emulation › should work on iPad Pro" classname="unit\responsive-design.spec.ts" time="27.601">
<failure message="responsive-design.spec.ts:304:9 should work on iPad Pro" type="FAILURE">
<![CDATA[  [chromium] › unit\responsive-design.spec.ts:304:9 › Onboarding Responsive Design › Device Emulation › should work on iPad Pro 

    Error: expect(locator).toBeVisible() failed

    Locator: locator('main').or(locator('[role="main"]')).first()
    Expected: visible
    Timeout: 10000ms
    Error: element(s) not found

    Call log:
      - Expect "toBeVisible" with timeout 10000ms
      - waiting for locator('main').or(locator('[role="main"]')).first()


      313 |         
      314 |         const mainContent = page.locator('main').or(page.locator('[role="main"]'));
    > 315 |         await expect(mainContent.first()).toBeVisible();
          |                                           ^
      316 |         
      317 |       } finally {
      318 |         await context.close();
        at C:\src\AI\techsamurai\claudecode\atraiva\mockup\final\atraiva\tests\onboarding\unit\responsive-design.spec.ts:315:43

    attachment #1: screenshot (image/png) ──────────────────────────────────────────────────────────
    reports\test-artifacts\unit-responsive-design-Onb-a242e-ion-should-work-on-iPad-Pro-chromium\test-failed-1.png
    ────────────────────────────────────────────────────────────────────────────────────────────────

    Retry #1 ───────────────────────────────────────────────────────────────────────────────────────

    Error: expect(locator).toBeVisible() failed

    Locator: locator('main').or(locator('[role="main"]')).first()
    Expected: visible
    Timeout: 10000ms
    Error: element(s) not found

    Call log:
      - Expect "toBeVisible" with timeout 10000ms
      - waiting for locator('main').or(locator('[role="main"]')).first()


      313 |         
      314 |         const mainContent = page.locator('main').or(page.locator('[role="main"]'));
    > 315 |         await expect(mainContent.first()).toBeVisible();
          |                                           ^
      316 |         
      317 |       } finally {
      318 |         await context.close();
        at C:\src\AI\techsamurai\claudecode\atraiva\mockup\final\atraiva\tests\onboarding\unit\responsive-design.spec.ts:315:43

    attachment #1: screenshot (image/png) ──────────────────────────────────────────────────────────
    reports\test-artifacts\unit-responsive-design-Onb-a242e-ion-should-work-on-iPad-Pro-chromium-retry1\test-failed-1.png
    ────────────────────────────────────────────────────────────────────────────────────────────────

    attachment #2: trace (application/zip) ─────────────────────────────────────────────────────────
    reports\test-artifacts\unit-responsive-design-Onb-a242e-ion-should-work-on-iPad-Pro-chromium-retry1\trace.zip
    Usage:

        npx playwright show-trace reports\test-artifacts\unit-responsive-design-Onb-a242e-ion-should-work-on-iPad-Pro-chromium-retry1\trace.zip

[...]
<skipped>
</skipped>
</testcase>
<testcase name="Onboarding Theme Visibility › DARK Mode › error messages should be clearly visible" classname="unit\theme-visibility.spec.ts" time="0">
<skipped>
</skipped>
</testcase>
<testcase name="Onboarding Theme Visibility › DARK Mode › links should be distinguishable" classname="unit\theme-visibility.spec.ts" time="0">
<skipped>
</skipped>
</testcase>
<testcase name="Onboarding Theme Visibility › DARK Mode › focus indicators should be visible" classname="unit\theme-visibility.spec.ts" time="0">
<skipped>
</skipped>
</testcase>
<testcase name="Onboarding Theme Visibility › DARK Mode › disabled elements should be clearly indicated" classname="unit\theme-visibility.spec.ts" time="0">
<skipped>
</skipped>
</testcase>
<testcase name="Onboarding Theme Visibility › DARK Mode › placeholder text should be visible but distinct from input text" classname="unit\theme-visibility.spec.ts" time="0">
<skipped>
</skipped>
</testcase>
<testcase name="Onboarding Theme Visibility › Theme Switching › should maintain visibility when switching themes" classname="unit\theme-visibility.spec.ts" time="0">
<skipped>
</skipped>
</testcase>
</testsuite>
<testsuite name="integration\clerk-firestore-integration.spec.ts" timestamp="2025-10-30T18:58:06.205Z" hostname="tablet" tests="7" failures="0" skipped="7" time="0" errors="0">
<testcase name="Clerk and Firestore Integration › Data Creation and Verification › should create organization in both Clerk and Firestore" classname="integration\clerk-firestore-integration.spec.ts" time="0">
<properties>
<property name="skip" value="">
</property>
</properties>
<skipped>
</skipped>
</testcase>
<testcase name="Clerk and Firestore Integration › Data Creation and Verification › should create user in both Clerk and Firestore" classname="integration\clerk-firestore-integration.spec.ts" time="0">
<properties>
<property name="skip" value="">
</property>
</properties>
<skipped>
</skipped>
</testcase>
<testcase name="Clerk and Firestore Integration › Data Creation and Verification › should link user to organization" classname="integration\clerk-firestore-integration.spec.ts" time="0">
<properties>
<property name="skip" value="">
</property>
</properties>
<skipped>
</skipped>
</testcase>
<testcase name="Clerk and Firestore Integration › User Authentication Flow › should allow user to sign in with test credentials" classname="integration\clerk-firestore-integration.spec.ts" time="0">
<skipped>
</skipped>
</testcase>
<testcase name="Clerk and Firestore Integration › User Authentication Flow › should display user information after sign-in" classname="integration\clerk-firestore-integration.spec.ts" time="0">
<skipped>
</skipped>
</testcase>
<testcase name="Clerk and Firestore Integration › Organization Context › should show correct organization after sign-in" classname="integration\clerk-firestore-integration.spec.ts" time="0">
<skipped>
</skipped>
</testcase>
<testcase name="Clerk and Firestore Integration › Data Synchronization › should sync user updates between Clerk and Firestore" classname="integration\clerk-firestore-integration.spec.ts" time="0">
<skipped>
</skipped>
</testcase>
</testsuite>
<testsuite name="unit\form-validation.spec.ts" timestamp="2025-10-30T18:58:06.205Z" hostname="tablet" tests="13" failures="0" skipped="13" time="0" errors="0">
<testcase name="Onboarding Form Validation › Organization Setup Step › should display error for empty organization name" classname="unit\form-validation.spec.ts" time="0">
<skipped>
</skipped>
</testcase>
<testcase name="Onboarding Form Validation › Organization Setup Step › should display error for organization name less than 3 characters" classname="unit\form-validation.spec.ts" time="0">
<skipped>
</skipped>
</testcase>
<testcase name="Onboarding Form Validation › Organization Setup Step › should accept valid organization name" classname="unit\form-validation.spec.ts" time="0">
<skipped>
</skipped>
</testcase>
<testcase name="Onboarding Form Validation › Organization Setup Step › should validate email format" classname="unit\form-validation.spec.ts" time="0">
<skipped>
</skipped>
</testcase>
<testcase name="Onboarding Form Validation › Organization Setup Step › should validate phone number format" classname="unit\form-validation.spec.ts" time="0">
<skipped>
</skipped>
</testcase>
<testcase name="Onboarding Form Validation › Organization Setup Step › should validate required industry field" classname="unit\form-validation.spec.ts" time="0">
<skipped>
</skipped>
</testcase>
<testcase name="Onboarding Form Validation › User Information Step › should validate first name is required" classname="unit\form-validation.spec.ts" time="0">
<skipped>
</skipped>
</testcase>
<testcase name="Onboarding Form Validation › User Information Step › should validate last name is required" classname="unit\form-validation.spec.ts" time="0">
<skipped>
</skipped>
</testcase>
<testcase name="Onboarding Form Validation › User Information Step › should validate password requirements" classname="unit\form-validation.spec.ts" time="0">
<skipped>
</skipped>
</testcase>
<testcase name="Onboarding Form Validation › Role Selection Step › should require role selection" classname="unit\form-validation.spec.ts" time="0">
<skipped>
</skipped>
</testcase>
<testcase name="Onboarding Form Validation › Form Submission › should enable submit button only when form is valid" classname="unit\form-validation.spec.ts" time="0">
<skipped>
</skipped>
</testcase>
<testcase name="Onboarding Form Validation › Form Submission › should show loading state during submission" classname="unit\form-validation.spec.ts" time="0">
<skipped>
</skipped>
</testcase>
<testcase name="Onboarding Form Validation › Validation Error Messages Quality › error messages should be in proper English" classname="unit\form-validation.spec.ts" time="0">
<skipped>
</skipped>
</testcase>
</testsuite>
<testsuite name="unit\responsive-design.spec.ts" timestamp="2025-10-30T18:58:06.205Z" hostname="tablet" tests="51" failures="0" skipped="51" time="0" errors="0">
<testcase name="Onboarding Responsive Design › Mobile Portrait (375x812) › should load onboarding page without layout issues" classname="unit\responsive-design.spec.ts" time="0">
<skipped>
</skipped>
</testcase>
<testcase name="Onboarding Responsive Design › Mobile Portrait (375x812) › form elements should be properly sized and accessible" classname="unit\responsive-design.spec.ts" time="0">
<skipped>
</skipped>
</testcase>
<testcase name="Onboarding Responsive Design › Mobile Portrait (375x812) › navigation elements should be accessible" classname="unit\responsive-design.spec.ts" time="0">
<skipped>
</skipped>
</testcase>
<testcase name="Onboarding Responsive Design › Mobile Portrait (375x812) › text should be readable (not truncated)" classname="unit\responsive-design.spec.ts" time="0">
<skipped>
</skipped>
</testcase>
<testcase name="Onboarding Responsive Design › Mobile Portrait (375x812) › images should load and scale properly" classname="unit\responsive-design.spec.ts" time="0">
<skipped>
</skipped>
</testcase>
<testcase name="Onboarding Responsive Design › Mobile Portrait (375x812) › modals and dialogs should be properly sized" classname="unit\responsive-design.spec.ts" time="0">
<skipped>
</skipped>
</testcase>
<testcase name="Onboarding Responsive Design › Mobile Portrait (375x812) › should not have overlapping elements" classname="unit\responsive-design.spec.ts" time="0">
<skipped>
</skipped>
</testcase>
<testcase name="Onboarding Responsive Design › Mobile Landscape (812x375) › should load onboarding page without layout issues" classname="unit\responsive-design.spec.ts" time="0">
<skipped>
</skipped>
</testcase>
<testcase name="Onboarding Responsive Design › Mobile Landscape (812x375) › form elements should be properly sized and accessible" classname="unit\responsive-design.spec.ts" time="0">
<skipped>
</skipped>
</testcase>
<testcase name="Onboarding Responsive Design › Mobile Landscape (812x375) › navigation elements should be accessible" classname="unit\responsive-design.spec.ts" time="0">
<skipped>
</skipped>
</testcase>
<testcase name="Onboarding Responsive Design › Mobile Landscape (812x375) › text should be readable (not truncated)" classname="unit\responsive-design.spec.ts" time="0">
<skipped>
</skipped>
</testcase>
<testcase name="Onboarding Responsive Design › Mobile Landscape (812x375) › images should load and scale properly" classname="unit\responsive-design.spec.ts" time="0">
<skipped>
</skipped>
</testcase>
<testcase name="Onboarding Responsive Design › Mobile Landscape (812x375) › modals and dialogs should be properly sized" classname="unit\responsive-design.spec.ts" time="0">
<skipped>
</skipped>
</testcase>
<testcase name="Onboarding Responsive Design › Mobile Landscape (812x375) › should not have overlapping elements" classname="unit\responsive-design.spec.ts" time="0">
<skipped>
</skipped>
</testcase>
<testcase name="Onboarding Responsive Design › Tablet Portrait (768x1024) › should load onboarding page without layout issues" classname="unit\responsive-design.spec.ts" time="0">
<skipped>
</skipped>
</testcase>
<testcase name="Onboarding Responsive Design › Tablet Portrait (768x1024) › form elements should be properly sized and accessible" classname="unit\responsive-design.spec.ts" time="0">
<skipped>
</skipped>
</testcase>
<testcase name="Onboarding Responsive Design › Tablet Portrait (768x1024) › navigation elements should be accessible" classname="unit\responsive-design.spec.ts" time="0">
<skipped>
</skipped>
</testcase>
<testcase name="Onboarding Responsive Design › Tablet Portrait (768x1024) › text should be readable (not truncated)" classname="unit\responsive-design.spec.ts" time="0">
<skipped>
</skipped>
</testcase>
<testcase name="Onboarding Responsive Design › Tablet Portrait (768x1024) › images should load and scale properly" classname="unit\responsive-design.spec.ts" time="0">
<skipped>
</skipped>
</testcase>
<testcase name="Onboarding Responsive Design › Tablet Portrait (768x1024) › modals and dialogs should be properly sized" classname="unit\responsive-design.spec.ts" time="0">
<skipped>
</skipped>
</testcase>
<testcase name="Onboarding Responsive Design › Tablet Portrait (768x1024) › should not have overlapping elements" classname="unit\responsive-design.spec.ts" time="0">
<skipped>
</skipped>
</testcase>
<testcase name="Onboarding Responsive Design › Tablet Landscape (1024x768) › should load onboarding page without layout issues" classname="unit\responsive-design.spec.ts" time="0">
<skipped>
</skipped>
</testcase>
<testcase name="Onboarding Responsive Design › Tablet Landscape (1024x768) › form elements should be properly sized and accessible" classname="unit\responsive-design.spec.ts" time="0">
<skipped>
</skipped>
</testcase>
<testcase name="Onboarding Responsive Design › Tablet Landscape (1024x768) › navigation elements should be accessible" classname="unit\responsive-design.spec.ts" time="0">
<skipped>
</skipped>
</testcase>
<testcase name="Onboarding Responsive Design › Tablet Landscape (1024x768) › text should be readable (not truncated)" classname="unit\responsive-design.spec.ts" time="0">
<skipped>
</skipped>
</testcase>
<testcase name="Onboarding Responsive Design › Tablet Landscape (1024x768) › images should load and scale properly" classname="unit\responsive-design.spec.ts" time="0">
<skipped>
</skipped>
</testcase>
<testcase name="Onboarding Responsive Design › Tablet Landscape (1024x768) › modals and dialogs should be properly sized" classname="unit\responsive-design.spec.ts" time="0">
<skipped>
</skipped>
</testcase>
<testcase name="Onboarding Responsive Design › Tablet Landscape (1024x768) › should not have overlapping elements" classname="unit\responsive-design.spec.ts" time="0">
<skipped>
</skipped>
</testcase>
<testcase name="Onboarding Responsive Design › Desktop Small (1280x720) › should load onboarding page without layout issues" classname="unit\responsive-design.spec.ts" time="0">
<skipped>
</skipped>
</testcase>
<testcase name="Onboarding Responsive Design › Desktop Small (1280x720) › form elements should be properly sized and accessible" classname="unit\responsive-design.spec.ts" time="0">
<skipped>
</skipped>
</testcase>
<testcase name="Onboarding Responsive Design › Desktop Small (1280x720) › navigation elements should be accessible" classname="unit\responsive-design.spec.ts" time="0">
<skipped>
</skipped>
</testcase>
<testcase name="Onboarding Responsive Design › Desktop Small (1280x720) › text should be readable (not truncated)" classname="unit\responsive-design.spec.ts" time="0">
<skipped>
</skipped>
</testcase>
<testcase name="Onboarding Responsive Design › Desktop Small (1280x720) › images should load and scale properly" classname="unit\responsive-design.spec.ts" time="0">
<skipped>
</skipped>
</testcase>
<testcase name="Onboarding Responsive Design › Desktop Small (1280x720) › modals and dialogs should be properly sized" classname="unit\responsive-design.spec.ts" time="0">
<skipped>
</skipped>
</testcase>
<testcase name="Onboarding Responsive Design › Desktop Small (1280x720) › should not have overlapping elements" classname="unit\responsive-design.spec.ts" time="0">
<skipped>
</skipped>
</testcase>
<testcase name="Onboarding Responsive Design › Desktop Large (1920x1080) › should load onboarding page without layout issues" classname="unit\responsive-design.spec.ts" time="0">
<skipped>
</skipped>
</testcase>
<testcase name="Onboarding Responsive Design › Desktop Large (1920x1080) › form elements should be properly sized and accessible" classname="unit\responsive-design.spec.ts" time="0">
<skipped>
</skipped>
</testcase>
<testcase name="Onboarding Responsive Design › Desktop Large (1920x1080) › navigation elements should be accessible" classname="unit\responsive-design.spec.ts" time="0">
<skipped>
</skipped>
</testcase>
<testcase name="Onboarding Responsive Design › Desktop Large (1920x1080) › text should be readable (not truncated)" classname="unit\responsive-design.spec.ts" time="0">
<skipped>
</skipped>
</testcase>
<testcase name="Onboarding Responsive Design › Desktop Large (1920x1080) › images should load and scale properly" classname="unit\responsive-design.spec.ts" time="0">
<skipped>
</skipped>
</testcase>
<testcase name="Onboarding Responsive Design › Desktop Large (1920x1080) › modals and dialogs should be properly sized" classname="unit\responsive-design.spec.ts" time="0">
<skipped>
</skipped>
</testcase>
<testcase name="Onboarding Responsive Design › Desktop Large (1920x1080) › should not have overlapping elements" classname="unit\responsive-design.spec.ts" time="0">
<skipped>
</skipped>
</testcase>
<testcase name="Onboarding Responsive Design › Desktop 4K (3840x2160) › should load onboarding page without layout issues" classname="unit\responsive-design.spec.ts" time="0">
<skipped>
</skipped>
</testcase>
<testcase name="Onboarding Responsive Design › Desktop 4K (3840x2160) › form elements should be properly sized and accessible" classname="unit\responsive-design.spec.ts" time="0">
<skipped>
</skipped>
</testcase>
<testcase name="Onboarding Responsive Design › Desktop 4K (3840x2160) › navigation elements should be accessible" classname="unit\responsive-design.spec.ts" time="0">
<skipped>
</skipped>
</testcase>
<testcase name="Onboarding Responsive Design › Desktop 4K (3840x2160) › text should be readable (not truncated)" classname="unit\responsive-design.spec.ts" time="0">
<skipped>
</skipped>
</testcase>
<testcase name="Onboarding Responsive Design › Desktop 4K (3840x2160) › images should load and scale properly" classname="unit\responsive-design.spec.ts" time="0">
<skipped>
</skipped>
</testcase>
<testcase name="Onboarding Responsive Design › Desktop 4K (3840x2160) › modals and dialogs should be properly sized" classname="unit\responsive-design.spec.ts" time="0">
<skipped>
</skipped>
</testcase>
<testcase name="Onboarding Responsive Design › Desktop 4K (3840x2160) › should not have overlapping elements" classname="unit\responsive-design.spec.ts" time="0">
<skipped>
</skipped>
</testcase>
<testcase name="Onboarding Responsive Design › Device Emulation › should work on iPhone 13" classname="unit\responsive-design.spec.ts" time="0">
<skipped>
</skipped>
</testcase>
<testcase name="Onboarding Responsive Design › Device Emulation › should work on iPad Pro" classname="unit\responsive-design.spec.ts" time="0">
<skipped>
</skipped>
</testcase>
</testsuite>
<testsuite name="unit\theme-visibility.spec.ts" timestamp="2025-10-30T18:58:06.205Z" hostname="tablet" tests="17" failures="0" skipped="17" time="0" errors="0">
<testcase name="Onboarding Theme Visibility › LIGHT Mode › text should be readable against background" classname="unit\theme-visibility.spec.ts" time="0">
<skipped>
</skipped>
</testcase>
<testcase name="Onboarding Theme Visibility › LIGHT Mode › input fields should be clearly visible" classname="unit\theme-visibility.spec.ts" time="0">
<skipped>
</skipped>
</testcase>
<testcase name="Onboarding Theme Visibility › LIGHT Mode › buttons should have clear visual affordance" classname="unit\theme-visibility.spec.ts" time="0">
<skipped>
</skipped>
</testcase>
<testcase name="Onboarding Theme Visibility › LIGHT Mode › error messages should be clearly visible" classname="unit\theme-visibility.spec.ts" time="0">
<skipped>
</skipped>
</testcase>
<testcase name="Onboarding Theme Visibility › LIGHT Mode › links should be distinguishable" classname="unit\theme-visibility.spec.ts" time="0">
<skipped>
</skipped>
</testcase>
<testcase name="Onboarding Theme Visibility › LIGHT Mode › focus indicators should be visible" classname="unit\theme-visibility.spec.ts" time="0">
<skipped>
</skipped>
</testcase>
<testcase name="Onboarding Theme Visibility › LIGHT Mode › disabled elements should be clearly indicated" classname="unit\theme-visibility.spec.ts" time="0">
<skipped>
</skipped>
</testcase>
<testcase name="Onboarding Theme Visibility › LIGHT Mode › placeholder text should be visible but distinct from input text" classname="unit\theme-visibility.spec.ts" time="0">
<skipped>
</skipped>
</testcase>
<testcase name="Onboarding Theme Visibility › DARK Mode › text should be readable against background" classname="unit\theme-visibility.spec.ts" time="0">
<skipped>
</skipped>
</testcase>
<testcase name="Onboarding Theme Visibility › DARK Mode › input fields should be clearly visible" classname="unit\theme-visibility.spec.ts" time="0">
<skipped>
</skipped>
</testcase>
<testcase name="Onboarding Theme Visibility › DARK Mode › buttons should have clear visual affordance" classname="unit\theme-visibility.spec.ts" time="0">
<skipped>
</skipped>
</testcase>
<testcase name="Onboarding Theme Visibility › DARK Mode › error messages should be clearly visible" classname="unit\theme-visibility.spec.ts" time="0">
<skipped>
</skipped>
</testcase>
<testcase name="Onboarding Theme Visibility › DARK Mode › links should be distinguishable" classname="unit\theme-visibility.spec.ts" time="0">
<skipped>
</skipped>
</testcase>
<testcase name="Onboarding Theme Visibility › DARK Mode › focus indicators should be visible" classname="unit\theme-visibility.spec.ts" time="0">
<skipped>
</skipped>
</testcase>
<testcase name="Onboarding Theme Visibility › DARK Mode › disabled elements should be clearly indicated" classname="unit\theme-visibility.spec.ts" time="0">
<skipped>
</skipped>
</testcase>
<testcase name="Onboarding Theme Visibility › DARK Mode › placeholder text should be visible but distinct from input text" classname="unit\theme-visibility.spec.ts" time="0">
<skipped>
</skipped>
</testcase>
<testcase name="Onboarding Theme Visibility › Theme Switching › should maintain visibility when switching themes" classname="unit\theme-visibility.spec.ts" time="0">
<skipped>
</skipped>
</testcase>
</testsuite>
</testsuites>